<?xml version="1.0" encoding="UTF-8"?>
<coverage generated="1615640927116" clover="3.2.0">
  <project timestamp="1615640927116" name="All files">
    <metrics statements="234" coveredstatements="203" conditionals="129" coveredconditionals="100" methods="42" coveredmethods="35" elements="405" coveredelements="338" complexity="0" loc="234" ncloc="234" packages="1" files="8" classes="8"/>
    <file name="dictionary.ts" path="/home/c/code/javascript/autosuggestion/src/dictionary.ts">
      <metrics statements="27" coveredstatements="19" conditionals="14" coveredconditionals="6" methods="6" coveredmethods="4"/>
      <line num="3" count="4" type="stmt"/>
      <line num="7" count="4" type="stmt"/>
      <line num="8" count="58" type="stmt"/>
      <line num="10" count="116" type="cond" truecount="1" falsecount="1"/>
      <line num="12" count="163" type="cond" truecount="2" falsecount="0"/>
      <line num="13" count="95" type="stmt"/>
      <line num="14" count="95" type="stmt"/>
      <line num="15" count="95" type="stmt"/>
      <line num="18" count="4" type="stmt"/>
      <line num="20" count="0" type="stmt"/>
      <line num="21" count="0" type="cond" truecount="0" falsecount="2"/>
      <line num="22" count="0" type="stmt"/>
      <line num="23" count="0" type="stmt"/>
      <line num="27" count="4" type="stmt"/>
      <line num="29" count="0" type="stmt"/>
      <line num="30" count="0" type="cond" truecount="0" falsecount="2"/>
      <line num="31" count="0" type="stmt"/>
      <line num="32" count="0" type="stmt"/>
      <line num="36" count="4" type="cond" truecount="1" falsecount="1"/>
      <line num="37" count="1" type="stmt"/>
      <line num="38" count="1" type="cond" truecount="1" falsecount="1"/>
      <line num="40" count="2" type="stmt"/>
      <line num="41" count="1" type="stmt"/>
      <line num="42" count="1" type="cond" truecount="1" falsecount="1"/>
      <line num="43" count="1" type="stmt"/>
      <line num="46" count="1" type="stmt"/>
      <line num="48" count="4" type="stmt"/>
    </file>
    <file name="lookup.ts" path="/home/c/code/javascript/autosuggestion/src/lookup.ts">
      <metrics statements="20" coveredstatements="20" conditionals="12" coveredconditionals="11" methods="3" coveredmethods="3"/>
      <line num="2" count="4" type="stmt"/>
      <line num="6" count="4" type="stmt"/>
      <line num="7" count="39" type="stmt"/>
      <line num="8" count="39" type="cond" truecount="2" falsecount="0"/>
      <line num="22" count="4" type="stmt"/>
      <line num="23" count="16" type="stmt"/>
      <line num="25" count="16" type="stmt"/>
      <line num="26" count="16" type="stmt"/>
      <line num="29" count="12" type="stmt"/>
      <line num="32" count="12" type="stmt"/>
      <line num="36" count="12" type="cond" truecount="4" falsecount="0"/>
      <line num="39" count="12" type="stmt"/>
      <line num="42" count="12" type="cond" truecount="2" falsecount="0"/>
      <line num="44" count="9" type="stmt"/>
      <line num="45" count="9" type="stmt"/>
      <line num="51" count="3" type="cond" truecount="1" falsecount="1"/>
      <line num="55" count="3" type="cond" truecount="2" falsecount="0"/>
      <line num="60" count="3" type="stmt"/>
      <line num="64" count="16" type="stmt"/>
      <line num="66" count="4" type="stmt"/>
    </file>
    <file name="node.ts" path="/home/c/code/javascript/autosuggestion/src/node.ts">
      <metrics statements="45" coveredstatements="45" conditionals="21" coveredconditionals="20" methods="8" coveredmethods="8"/>
      <line num="2" count="4" type="stmt"/>
      <line num="16" count="4" type="stmt"/>
      <line num="20" count="469" type="stmt"/>
      <line num="21" count="469" type="stmt"/>
      <line num="22" count="469" type="stmt"/>
      <line num="25" count="4" type="stmt"/>
      <line num="26" count="14" type="cond" truecount="3" falsecount="0"/>
      <line num="67" count="4" type="stmt"/>
      <line num="68" count="37" type="cond" truecount="1" falsecount="1"/>
      <line num="70" count="37" type="stmt"/>
      <line num="73" count="37" type="stmt"/>
      <line num="74" count="3" type="stmt"/>
      <line num="77" count="37" type="stmt"/>
      <line num="80" count="4" type="stmt"/>
      <line num="81" count="44" type="stmt"/>
      <line num="82" count="44" type="cond" truecount="2" falsecount="0"/>
      <line num="84" count="33" type="stmt"/>
      <line num="85" count="33" type="cond" truecount="2" falsecount="0"/>
      <line num="87" count="29" type="stmt"/>
      <line num="91" count="29" type="stmt"/>
      <line num="99" count="4" type="stmt"/>
      <line num="100" count="38" type="cond" truecount="2" falsecount="0"/>
      <line num="102" count="37" type="stmt"/>
      <line num="103" count="37" type="stmt"/>
      <line num="105" count="37" type="stmt"/>
      <line num="106" count="76" type="stmt"/>
      <line num="107" count="76" type="cond" truecount="2" falsecount="0"/>
      <line num="108" count="70" type="stmt"/>
      <line num="111" count="31" type="stmt"/>
      <line num="114" count="4" type="stmt"/>
      <line num="115" count="67" type="stmt"/>
      <line num="118" count="67" type="stmt"/>
      <line num="119" count="5" type="stmt"/>
      <line num="123" count="67" type="stmt"/>
      <line num="124" count="2" type="stmt"/>
      <line num="127" count="67" type="stmt"/>
      <line num="130" count="4" type="stmt"/>
      <line num="131" count="74" type="stmt"/>
      <line num="134" count="74" type="cond" truecount="2" falsecount="0"/>
      <line num="136" count="74" type="cond" truecount="2" falsecount="0"/>
      <line num="139" count="74" type="stmt"/>
      <line num="140" count="53" type="stmt"/>
      <line num="142" count="53" type="stmt"/>
      <line num="145" count="74" type="stmt"/>
      <line num="147" count="4" type="stmt"/>
    </file>
    <file name="suggestion.ts" path="/home/c/code/javascript/autosuggestion/src/suggestion.ts">
      <metrics statements="37" coveredstatements="18" conditionals="14" coveredconditionals="2" methods="9" coveredmethods="5"/>
      <line num="2" count="4" type="stmt"/>
      <line num="5" count="4" type="stmt"/>
      <line num="6" count="43" type="stmt"/>
      <line num="7" count="43" type="stmt"/>
      <line num="9" count="43" type="stmt"/>
      <line num="10" count="43" type="stmt"/>
      <line num="13" count="4" type="stmt"/>
      <line num="14" count="0" type="stmt"/>
      <line num="17" count="4" type="stmt"/>
      <line num="18" count="0" type="stmt"/>
      <line num="21" count="4" type="stmt"/>
      <line num="22" count="2" type="stmt"/>
      <line num="23" count="2" type="stmt"/>
      <line num="25" count="2" type="stmt"/>
      <line num="28" count="4" type="stmt"/>
      <line num="29" count="0" type="cond" truecount="0" falsecount="2"/>
      <line num="30" count="0" type="stmt"/>
      <line num="31" count="0" type="stmt"/>
      <line num="33" count="0" type="stmt"/>
      <line num="44" count="4" type="stmt"/>
      <line num="45" count="0" type="stmt"/>
      <line num="47" count="0" type="cond" truecount="0" falsecount="2"/>
      <line num="49" count="0" type="cond" truecount="0" falsecount="2"/>
      <line num="53" count="0" type="cond" truecount="0" falsecount="2"/>
      <line num="56" count="0" type="cond" truecount="0" falsecount="2"/>
      <line num="60" count="0" type="stmt"/>
      <line num="63" count="0" type="stmt"/>
      <line num="64" count="0" type="stmt"/>
      <line num="67" count="0" type="stmt"/>
      <line num="72" count="0" type="cond" truecount="0" falsecount="2"/>
      <line num="73" count="0" type="stmt"/>
      <line num="75" count="0" type="stmt"/>
      <line num="80" count="0" type="stmt"/>
      <line num="83" count="4" type="stmt"/>
      <line num="84" count="45" type="stmt"/>
      <line num="85" count="53" type="stmt"/>
      <line num="90" count="4" type="stmt"/>
    </file>
    <file name="test_util.ts" path="/home/c/code/javascript/autosuggestion/src/test_util.ts">
      <metrics statements="11" coveredstatements="11" conditionals="6" coveredconditionals="6" methods="1" coveredmethods="1"/>
      <line num="9" count="104" type="cond" truecount="2" falsecount="0"/>
      <line num="10" count="89" type="stmt"/>
      <line num="12" count="89" type="stmt"/>
      <line num="13" count="56" type="stmt"/>
      <line num="15" count="89" type="stmt"/>
      <line num="16" count="9" type="stmt"/>
      <line num="18" count="89" type="stmt"/>
      <line num="19" count="9" type="stmt"/>
      <line num="22" count="89" type="cond" truecount="2" falsecount="0"/>
      <line num="23" count="68" type="cond" truecount="2" falsecount="0"/>
      <line num="25" count="6" type="stmt"/>
    </file>
    <file name="trie.ts" path="/home/c/code/javascript/autosuggestion/src/trie.ts">
      <metrics statements="85" coveredstatements="81" conditionals="56" coveredconditionals="49" methods="12" coveredmethods="11"/>
      <line num="8" count="4" type="stmt"/>
      <line num="9" count="4" type="stmt"/>
      <line num="11" count="4" type="stmt"/>
      <line num="12" count="4" type="stmt"/>
      <line num="15" count="4" type="stmt"/>
      <line num="17" count="95" type="cond" truecount="1" falsecount="1"/>
      <line num="18" count="95" type="cond" truecount="2" falsecount="0"/>
      <line num="21" count="190" type="stmt"/>
      <line num="24" count="4" type="stmt"/>
      <line num="25" count="85" type="stmt"/>
      <line num="27" count="85" type="cond" truecount="1" falsecount="1"/>
      <line num="33" count="85" type="stmt"/>
      <line num="38" count="85" type="cond" truecount="2" falsecount="0"/>
      <line num="39" count="67" type="stmt"/>
      <line num="42" count="85" type="stmt"/>
      <line num="45" count="270" type="cond" truecount="1" falsecount="1"/>
      <line num="46" count="135" type="cond" truecount="2" falsecount="0"/>
      <line num="47" count="125" type="cond" truecount="2" falsecount="0"/>
      <line num="49" count="125" type="stmt"/>
      <line num="50" count="125" type="stmt"/>
      <line num="51" count="125" type="cond" truecount="2" falsecount="0"/>
      <line num="52" count="125" type="cond" truecount="2" falsecount="0"/>
      <line num="54" count="125" type="cond" truecount="2" falsecount="0"/>
      <line num="56" count="38" type="stmt"/>
      <line num="57" count="38" type="stmt"/>
      <line num="58" count="76" type="stmt"/>
      <line num="59" count="38" type="stmt"/>
      <line num="60" count="38" type="cond" truecount="2" falsecount="0"/>
      <line num="61" count="27" type="stmt"/>
      <line num="62" count="27" type="stmt"/>
      <line num="63" count="27" type="stmt"/>
      <line num="66" count="38" type="stmt"/>
      <line num="70" count="4" type="stmt"/>
      <line num="71" count="98" type="stmt"/>
      <line num="72" count="98" type="stmt"/>
      <line num="75" count="98" type="cond" truecount="2" falsecount="0"/>
      <line num="76" count="98" type="stmt"/>
      <line num="78" count="98" type="cond" truecount="4" falsecount="0"/>
      <line num="79" count="11" type="stmt"/>
      <line num="80" count="11" type="stmt"/>
      <line num="83" count="87" type="stmt"/>
      <line num="85" count="87" type="stmt"/>
      <line num="88" count="294" type="cond" truecount="2" falsecount="0"/>
      <line num="89" count="288" type="cond" truecount="2" falsecount="0"/>
      <line num="90" count="286" type="stmt"/>
      <line num="91" count="286" type="cond" truecount="2" falsecount="0"/>
      <line num="92" count="286" type="cond" truecount="4" falsecount="0"/>
      <line num="95" count="286" type="cond" truecount="2" falsecount="0"/>
      <line num="97" count="94" type="stmt"/>
      <line num="100" count="39" type="cond" truecount="2" falsecount="0"/>
      <line num="101" count="37" type="stmt"/>
      <line num="102" count="37" type="stmt"/>
      <line num="104" count="37" type="cond" truecount="2" falsecount="0"/>
      <line num="106" count="37" type="stmt"/>
      <line num="107" count="74" type="stmt"/>
      <line num="108" count="41" type="stmt"/>
      <line num="109" count="41" type="cond" truecount="1" falsecount="1"/>
      <line num="110" count="41" type="stmt"/>
      <line num="113" count="37" type="stmt"/>
      <line num="114" count="37" type="cond" truecount="2" falsecount="0"/>
      <line num="115" count="37" type="stmt"/>
      <line num="116" count="37" type="stmt"/>
      <line num="119" count="37" type="stmt"/>
      <line num="122" count="4" type="stmt"/>
      <line num="130" count="5" type="cond" truecount="2" falsecount="0"/>
      <line num="131" count="3" type="stmt"/>
      <line num="134" count="3" type="cond" truecount="1" falsecount="1"/>
      <line num="137" count="3" type="stmt"/>
      <line num="139" count="6" type="stmt"/>
      <line num="140" count="3" type="stmt"/>
      <line num="143" count="3" type="stmt"/>
      <line num="146" count="4" type="cond" truecount="1" falsecount="1"/>
      <line num="147" count="3" type="stmt"/>
      <line num="151" count="3" type="stmt"/>
      <line num="152" count="1" type="stmt"/>
      <line num="153" count="1" type="stmt"/>
      <line num="154" count="2" type="stmt"/>
      <line num="155" count="2" type="stmt"/>
      <line num="157" count="1" type="stmt"/>
      <line num="162" count="3" type="cond" truecount="1" falsecount="1"/>
      <line num="165" count="0" type="stmt"/>
      <line num="166" count="0" type="stmt"/>
      <line num="167" count="0" type="stmt"/>
      <line num="171" count="0" type="stmt"/>
      <line num="173" count="4" type="stmt"/>
    </file>
    <file name="typegaurds.ts" path="/home/c/code/javascript/autosuggestion/src/typegaurds.ts">
      <metrics statements="4" coveredstatements="4" conditionals="2" coveredconditionals="2" methods="2" coveredmethods="2"/>
      <line num="4" count="6" type="stmt"/>
      <line num="5" count="394" type="stmt"/>
      <line num="8" count="6" type="stmt"/>
      <line num="9" count="207" type="cond" truecount="2" falsecount="0"/>
    </file>
    <file name="util.ts" path="/home/c/code/javascript/autosuggestion/src/util.ts">
      <metrics statements="5" coveredstatements="5" conditionals="4" coveredconditionals="4" methods="1" coveredmethods="1"/>
      <line num="3" count="5" type="stmt"/>
      <line num="9" count="5" type="stmt"/>
      <line num="10" count="88" type="cond" truecount="2" falsecount="0"/>
      <line num="11" count="77" type="cond" truecount="2" falsecount="0"/>
      <line num="12" count="68" type="stmt"/>
    </file>
  </project>
</coverage>
