{"/home/c/code/javascript/autosuggestion/src/dictionary.ts": {"path":"/home/c/code/javascript/autosuggestion/src/dictionary.ts","statementMap":{"0":{"start":{"line":3,"column":0},"end":{"line":3,"column":29}},"1":{"start":{"line":7,"column":0},"end":{"line":7,"column":13}},"2":{"start":{"line":10,"column":23},"end":{"line":10,"column":40}},"3":{"start":{"line":10,"column":23},"end":{"line":10,"column":36}},"4":{"start":{"line":8,"column":11},"end":{"line":8,"column":null}},"5":{"start":{"line":12,"column":4},"end":{"line":16,"column":null}},"6":{"start":{"line":12,"column":29},"end":{"line":12,"column":null}},"7":{"start":{"line":13,"column":27},"end":{"line":13,"column":51}},"8":{"start":{"line":14,"column":8},"end":{"line":14,"column":null}},"9":{"start":{"line":15,"column":8},"end":{"line":15,"column":null}},"10":{"start":{"line":18,"column":4},"end":{"line":25,"column":null}},"11":{"start":{"line":20,"column":21},"end":{"line":20,"column":47}},"12":{"start":{"line":21,"column":8},"end":{"line":21,"column":25}},"13":{"start":{"line":21,"column":19},"end":{"line":21,"column":25}},"14":{"start":{"line":22,"column":8},"end":{"line":24,"column":null}},"15":{"start":{"line":22,"column":30},"end":{"line":22,"column":38}},"16":{"start":{"line":22,"column":26},"end":{"line":22,"column":30}},"17":{"start":{"line":23,"column":12},"end":{"line":23,"column":null}},"18":{"start":{"line":27,"column":4},"end":{"line":34,"column":null}},"19":{"start":{"line":29,"column":21},"end":{"line":29,"column":47}},"20":{"start":{"line":30,"column":8},"end":{"line":30,"column":25}},"21":{"start":{"line":30,"column":19},"end":{"line":30,"column":25}},"22":{"start":{"line":31,"column":8},"end":{"line":33,"column":null}},"23":{"start":{"line":31,"column":30},"end":{"line":31,"column":38}},"24":{"start":{"line":31,"column":26},"end":{"line":31,"column":30}},"25":{"start":{"line":32,"column":12},"end":{"line":32,"column":null}},"26":{"start":{"line":36,"column":4},"end":{"line":47,"column":null}},"27":{"start":{"line":36,"column":35},"end":{"line":36,"column":null}},"28":{"start":{"line":37,"column":40},"end":{"line":37,"column":42}},"29":{"start":{"line":38,"column":8},"end":{"line":38,"column":null}},"30":{"start":{"line":38,"column":35},"end":{"line":38,"column":null}},"31":{"start":{"line":40,"column":8},"end":{"line":44,"column":null}},"32":{"start":{"line":40,"column":30},"end":{"line":40,"column":38}},"33":{"start":{"line":40,"column":26},"end":{"line":40,"column":30}},"34":{"start":{"line":41,"column":25},"end":{"line":41,"column":51}},"35":{"start":{"line":42,"column":12},"end":{"line":42,"column":31}},"36":{"start":{"line":42,"column":23},"end":{"line":42,"column":31}},"37":{"start":{"line":43,"column":12},"end":{"line":43,"column":null}},"38":{"start":{"line":46,"column":8},"end":{"line":46,"column":null}},"39":{"start":{"line":48,"column":0},"end":{"line":48,"column":null}},"40":{"start":{"line":7,"column":13},"end":{"line":7,"column":23}}},"fnMap":{"0":{"name":"(anonymous_0)","decl":{"start":{"line":7,"column":0},"end":{"line":7,"column":13}},"loc":{"start":{"line":7,"column":0},"end":{"line":48,"column":null}}},"1":{"name":"Dictionary","decl":{"start":{"line":10,"column":4},"end":{"line":10,"column":23}},"loc":{"start":{"line":10,"column":36},"end":{"line":10,"column":41}}},"2":{"name":"(anonymous_2)","decl":{"start":{"line":12,"column":4},"end":{"line":12,"column":10}},"loc":{"start":{"line":12,"column":53},"end":{"line":16,"column":5}}},"3":{"name":"(anonymous_3)","decl":{"start":{"line":18,"column":4},"end":{"line":18,"column":7}},"loc":{"start":{"line":18,"column":45},"end":{"line":25,"column":5}}},"4":{"name":"(anonymous_4)","decl":{"start":{"line":27,"column":4},"end":{"line":27,"column":10}},"loc":{"start":{"line":27,"column":48},"end":{"line":34,"column":5}}},"5":{"name":"(anonymous_5)","decl":{"start":{"line":36,"column":4},"end":{"line":36,"column":11}},"loc":{"start":{"line":36,"column":59},"end":{"line":47,"column":5}}}},"branchMap":{"0":{"loc":{"start":{"line":10,"column":23},"end":{"line":10,"column":40}},"type":"if","locations":[{"start":{"line":10,"column":23},"end":{"line":10,"column":40}},{"start":{"line":10,"column":23},"end":{"line":10,"column":40}}]},"1":{"loc":{"start":{"line":12,"column":29},"end":{"line":12,"column":null}},"type":"if","locations":[{"start":{"line":12,"column":29},"end":{"line":12,"column":null}},{"start":{"line":12,"column":29},"end":{"line":12,"column":null}}]},"2":{"loc":{"start":{"line":21,"column":8},"end":{"line":21,"column":25}},"type":"if","locations":[{"start":{"line":21,"column":8},"end":{"line":21,"column":25}},{"start":{"line":21,"column":8},"end":{"line":21,"column":25}}]},"3":{"loc":{"start":{"line":30,"column":8},"end":{"line":30,"column":25}},"type":"if","locations":[{"start":{"line":30,"column":8},"end":{"line":30,"column":25}},{"start":{"line":30,"column":8},"end":{"line":30,"column":25}}]},"4":{"loc":{"start":{"line":36,"column":35},"end":{"line":36,"column":null}},"type":"if","locations":[{"start":{"line":36,"column":35},"end":{"line":36,"column":null}},{"start":{"line":36,"column":35},"end":{"line":36,"column":null}}]},"5":{"loc":{"start":{"line":38,"column":8},"end":{"line":38,"column":null}},"type":"if","locations":[{"start":{"line":38,"column":8},"end":{"line":38,"column":null}},{"start":{"line":38,"column":8},"end":{"line":38,"column":null}}]},"6":{"loc":{"start":{"line":42,"column":12},"end":{"line":42,"column":31}},"type":"if","locations":[{"start":{"line":42,"column":12},"end":{"line":42,"column":31}},{"start":{"line":42,"column":12},"end":{"line":42,"column":31}}]}},"s":{"0":4,"1":4,"2":116,"3":58,"4":58,"5":4,"6":163,"7":95,"8":95,"9":95,"10":4,"11":0,"12":0,"13":0,"14":0,"15":0,"16":0,"17":0,"18":4,"19":0,"20":0,"21":0,"22":0,"23":0,"24":0,"25":0,"26":4,"27":2,"28":1,"29":1,"30":1,"31":1,"32":2,"33":1,"34":1,"35":1,"36":0,"37":1,"38":1,"39":4,"40":4},"f":{"0":4,"1":58,"2":95,"3":0,"4":0,"5":1},"b":{"0":[58,0],"1":[68,27],"2":[0,0],"3":[0,0],"4":[1,0],"5":[1,0],"6":[0,1]}}
,"/home/c/code/javascript/autosuggestion/src/lookup.ts": {"path":"/home/c/code/javascript/autosuggestion/src/lookup.ts","statementMap":{"0":{"start":{"line":2,"column":0},"end":{"line":2,"column":36}},"1":{"start":{"line":6,"column":0},"end":{"line":6,"column":null}},"2":{"start":{"line":6,"column":32},"end":{"line":6,"column":36}},"3":{"start":{"line":8,"column":8},"end":{"line":8,"column":null}},"4":{"start":{"line":7,"column":40},"end":{"line":7,"column":56}},"5":{"start":{"line":22,"column":11},"end":{"line":65,"column":null}},"6":{"start":{"line":23,"column":31},"end":{"line":23,"column":33}},"7":{"start":{"line":25,"column":8},"end":{"line":62,"column":null}},"8":{"start":{"line":25,"column":30},"end":{"line":25,"column":34}},"9":{"start":{"line":25,"column":30},"end":{"line":25,"column":43}},"10":{"start":{"line":25,"column":26},"end":{"line":25,"column":30}},"11":{"start":{"line":26,"column":12},"end":{"line":61,"column":null}},"12":{"start":{"line":26,"column":32},"end":{"line":26,"column":39}},"13":{"start":{"line":26,"column":32},"end":{"line":26,"column":60}},"14":{"start":{"line":26,"column":28},"end":{"line":26,"column":32}},"15":{"start":{"line":29,"column":29},"end":{"line":29,"column":64}},"16":{"start":{"line":32,"column":49},"end":{"line":32,"column":57}},"17":{"start":{"line":36,"column":16},"end":{"line":36,"column":null}},"18":{"start":{"line":36,"column":54},"end":{"line":36,"column":null}},"19":{"start":{"line":39,"column":16},"end":{"line":39,"column":null}},"20":{"start":{"line":42,"column":16},"end":{"line":46,"column":null}},"21":{"start":{"line":44,"column":20},"end":{"line":44,"column":null}},"22":{"start":{"line":45,"column":20},"end":{"line":45,"column":28}},"23":{"start":{"line":51,"column":16},"end":{"line":51,"column":46}},"24":{"start":{"line":51,"column":38},"end":{"line":51,"column":46}},"25":{"start":{"line":55,"column":16},"end":{"line":55,"column":null}},"26":{"start":{"line":55,"column":30},"end":{"line":55,"column":null}},"27":{"start":{"line":60,"column":16},"end":{"line":60,"column":null}},"28":{"start":{"line":64,"column":8},"end":{"line":64,"column":null}},"29":{"start":{"line":66,"column":0},"end":{"line":66,"column":null}},"30":{"start":{"line":6,"column":13},"end":{"line":6,"column":23}}},"fnMap":{"0":{"name":"(anonymous_6)","decl":{"start":{"line":6,"column":0},"end":{"line":6,"column":13}},"loc":{"start":{"line":6,"column":0},"end":{"line":66,"column":null}}},"1":{"name":"LookupNode","decl":{"start":{"line":7,"column":4},"end":{"line":7,"column":16}},"loc":{"start":{"line":7,"column":56},"end":{"line":9,"column":5}}},"2":{"name":"(anonymous_8)","decl":{"start":{"line":22,"column":4},"end":{"line":22,"column":11}},"loc":{"start":{"line":22,"column":38},"end":{"line":65,"column":5}}}},"branchMap":{"0":{"loc":{"start":{"line":8,"column":8},"end":{"line":8,"column":20}},"type":"binary-expr","locations":[{"start":{"line":8,"column":8},"end":{"line":8,"column":20}},{"start":{"line":8,"column":20},"end":{"line":8,"column":null}}]},"1":{"loc":{"start":{"line":36,"column":16},"end":{"line":36,"column":null}},"type":"if","locations":[{"start":{"line":36,"column":16},"end":{"line":36,"column":null}},{"start":{"line":36,"column":16},"end":{"line":36,"column":null}}]},"2":{"loc":{"start":{"line":36,"column":20},"end":{"line":36,"column":35}},"type":"binary-expr","locations":[{"start":{"line":36,"column":20},"end":{"line":36,"column":35}},{"start":{"line":36,"column":39},"end":{"line":36,"column":52}}]},"3":{"loc":{"start":{"line":42,"column":16},"end":{"line":46,"column":null}},"type":"if","locations":[{"start":{"line":42,"column":16},"end":{"line":46,"column":null}},{"start":{"line":42,"column":16},"end":{"line":46,"column":null}}]},"4":{"loc":{"start":{"line":51,"column":16},"end":{"line":51,"column":46}},"type":"if","locations":[{"start":{"line":51,"column":16},"end":{"line":51,"column":46}},{"start":{"line":51,"column":16},"end":{"line":51,"column":46}}]},"5":{"loc":{"start":{"line":55,"column":16},"end":{"line":55,"column":null}},"type":"if","locations":[{"start":{"line":55,"column":16},"end":{"line":55,"column":null}},{"start":{"line":55,"column":16},"end":{"line":55,"column":null}}]}},"s":{"0":4,"1":4,"2":4,"3":39,"4":39,"5":4,"6":16,"7":16,"8":16,"9":16,"10":16,"11":16,"12":16,"13":16,"14":12,"15":12,"16":12,"17":12,"18":7,"19":12,"20":12,"21":9,"22":9,"23":3,"24":0,"25":3,"26":1,"27":3,"28":16,"29":4,"30":4},"f":{"0":4,"1":39,"2":16},"b":{"0":[39,39],"1":[7,5],"2":[12,10],"3":[9,3],"4":[0,3],"5":[1,2]}}
,"/home/c/code/javascript/autosuggestion/src/node.ts": {"path":"/home/c/code/javascript/autosuggestion/src/node.ts","statementMap":{"0":{"start":{"line":2,"column":0},"end":{"line":2,"column":41}},"1":{"start":{"line":16,"column":0},"end":{"line":16,"column":13}},"2":{"start":{"line":20,"column":25},"end":{"line":20,"column":37}},"3":{"start":{"line":21,"column":8},"end":{"line":21,"column":null}},"4":{"start":{"line":22,"column":8},"end":{"line":22,"column":null}},"5":{"start":{"line":25,"column":11},"end":{"line":29,"column":null}},"6":{"start":{"line":26,"column":8},"end":{"line":28,"column":null}},"7":{"start":{"line":67,"column":11},"end":{"line":78,"column":null}},"8":{"start":{"line":68,"column":8},"end":{"line":68,"column":null}},"9":{"start":{"line":68,"column":33},"end":{"line":68,"column":null}},"10":{"start":{"line":70,"column":31},"end":{"line":70,"column":33}},"11":{"start":{"line":73,"column":8},"end":{"line":75,"column":null}},"12":{"start":{"line":73,"column":38},"end":{"line":73,"column":44}},"13":{"start":{"line":73,"column":38},"end":{"line":73,"column":70}},"14":{"start":{"line":73,"column":19},"end":{"line":73,"column":20}},"15":{"start":{"line":73,"column":25},"end":{"line":73,"column":27}},"16":{"start":{"line":73,"column":33},"end":{"line":73,"column":34}},"17":{"start":{"line":74,"column":12},"end":{"line":74,"column":null}},"18":{"start":{"line":77,"column":8},"end":{"line":77,"column":null}},"19":{"start":{"line":80,"column":11},"end":{"line":94,"column":null}},"20":{"start":{"line":81,"column":21},"end":{"line":81,"column":49}},"21":{"start":{"line":82,"column":8},"end":{"line":82,"column":null}},"22":{"start":{"line":82,"column":19},"end":{"line":82,"column":null}},"23":{"start":{"line":84,"column":21},"end":{"line":84,"column":47}},"24":{"start":{"line":85,"column":8},"end":{"line":85,"column":null}},"25":{"start":{"line":85,"column":19},"end":{"line":85,"column":null}},"26":{"start":{"line":87,"column":22},"end":{"line":87,"column":67}},"27":{"start":{"line":91,"column":8},"end":{"line":93,"column":84}},"28":{"start":{"line":99,"column":11},"end":{"line":112,"column":null}},"29":{"start":{"line":100,"column":8},"end":{"line":100,"column":null}},"30":{"start":{"line":100,"column":36},"end":{"line":100,"column":null}},"31":{"start":{"line":102,"column":25},"end":{"line":102,"column":29}},"32":{"start":{"line":103,"column":8},"end":{"line":103,"column":null}},"33":{"start":{"line":105,"column":8},"end":{"line":109,"column":null}},"34":{"start":{"line":106,"column":12},"end":{"line":106,"column":null}},"35":{"start":{"line":107,"column":12},"end":{"line":107,"column":null}},"36":{"start":{"line":107,"column":23},"end":{"line":107,"column":null}},"37":{"start":{"line":108,"column":12},"end":{"line":108,"column":null}},"38":{"start":{"line":111,"column":8},"end":{"line":111,"column":null}},"39":{"start":{"line":114,"column":11},"end":{"line":128,"column":null}},"40":{"start":{"line":115,"column":40},"end":{"line":115,"column":42}},"41":{"start":{"line":118,"column":8},"end":{"line":120,"column":null}},"42":{"start":{"line":118,"column":38},"end":{"line":118,"column":44}},"43":{"start":{"line":118,"column":38},"end":{"line":118,"column":70}},"44":{"start":{"line":118,"column":19},"end":{"line":118,"column":20}},"45":{"start":{"line":118,"column":25},"end":{"line":118,"column":27}},"46":{"start":{"line":118,"column":33},"end":{"line":118,"column":34}},"47":{"start":{"line":119,"column":12},"end":{"line":119,"column":null}},"48":{"start":{"line":123,"column":8},"end":{"line":125,"column":null}},"49":{"start":{"line":123,"column":35},"end":{"line":123,"column":41}},"50":{"start":{"line":123,"column":35},"end":{"line":123,"column":65}},"51":{"start":{"line":123,"column":19},"end":{"line":123,"column":20}},"52":{"start":{"line":123,"column":24},"end":{"line":123,"column":26}},"53":{"start":{"line":123,"column":30},"end":{"line":123,"column":31}},"54":{"start":{"line":124,"column":12},"end":{"line":124,"column":null}},"55":{"start":{"line":127,"column":8},"end":{"line":127,"column":null}},"56":{"start":{"line":130,"column":11},"end":{"line":146,"column":null}},"57":{"start":{"line":131,"column":40},"end":{"line":131,"column":42}},"58":{"start":{"line":134,"column":8},"end":{"line":134,"column":null}},"59":{"start":{"line":134,"column":22},"end":{"line":134,"column":null}},"60":{"start":{"line":136,"column":32},"end":{"line":136,"column":59}},"61":{"start":{"line":139,"column":8},"end":{"line":143,"column":null}},"62":{"start":{"line":139,"column":27},"end":{"line":139,"column":33}},"63":{"start":{"line":139,"column":27},"end":{"line":139,"column":56}},"64":{"start":{"line":139,"column":23},"end":{"line":139,"column":27}},"65":{"start":{"line":140,"column":33},"end":{"line":140,"column":75}},"66":{"start":{"line":142,"column":12},"end":{"line":142,"column":null}},"67":{"start":{"line":145,"column":8},"end":{"line":145,"column":null}},"68":{"start":{"line":147,"column":0},"end":{"line":147,"column":null}},"69":{"start":{"line":16,"column":13},"end":{"line":16,"column":17}}},"fnMap":{"0":{"name":"(anonymous_1)","decl":{"start":{"line":16,"column":0},"end":{"line":16,"column":13}},"loc":{"start":{"line":16,"column":0},"end":{"line":147,"column":null}}},"1":{"name":"Node","decl":{"start":{"line":20,"column":4},"end":{"line":20,"column":25}},"loc":{"start":{"line":20,"column":37},"end":{"line":23,"column":5}}},"2":{"name":"(anonymous_3)","decl":{"start":{"line":25,"column":4},"end":{"line":25,"column":11}},"loc":{"start":{"line":25,"column":4},"end":{"line":29,"column":5}}},"3":{"name":"(anonymous_4)","decl":{"start":{"line":67,"column":4},"end":{"line":67,"column":11}},"loc":{"start":{"line":67,"column":38},"end":{"line":78,"column":5}}},"4":{"name":"(anonymous_5)","decl":{"start":{"line":80,"column":4},"end":{"line":80,"column":11}},"loc":{"start":{"line":80,"column":35},"end":{"line":94,"column":5}}},"5":{"name":"(anonymous_6)","decl":{"start":{"line":99,"column":4},"end":{"line":99,"column":11}},"loc":{"start":{"line":99,"column":32},"end":{"line":112,"column":5}}},"6":{"name":"(anonymous_7)","decl":{"start":{"line":114,"column":4},"end":{"line":114,"column":11}},"loc":{"start":{"line":114,"column":51},"end":{"line":128,"column":5}}},"7":{"name":"(anonymous_8)","decl":{"start":{"line":130,"column":4},"end":{"line":130,"column":11}},"loc":{"start":{"line":130,"column":48},"end":{"line":146,"column":5}}}},"branchMap":{"0":{"loc":{"start":{"line":26,"column":15},"end":{"line":26,"column":55}},"type":"binary-expr","locations":[{"start":{"line":26,"column":15},"end":{"line":26,"column":55}},{"start":{"line":27,"column":15},"end":{"line":27,"column":55}},{"start":{"line":28,"column":15},"end":{"line":28,"column":57}}]},"1":{"loc":{"start":{"line":68,"column":8},"end":{"line":68,"column":null}},"type":"if","locations":[{"start":{"line":68,"column":8},"end":{"line":68,"column":null}},{"start":{"line":68,"column":8},"end":{"line":68,"column":null}}]},"2":{"loc":{"start":{"line":82,"column":8},"end":{"line":82,"column":null}},"type":"if","locations":[{"start":{"line":82,"column":8},"end":{"line":82,"column":null}},{"start":{"line":82,"column":8},"end":{"line":82,"column":null}}]},"3":{"loc":{"start":{"line":85,"column":8},"end":{"line":85,"column":null}},"type":"if","locations":[{"start":{"line":85,"column":8},"end":{"line":85,"column":null}},{"start":{"line":85,"column":8},"end":{"line":85,"column":null}}]},"4":{"loc":{"start":{"line":92,"column":14},"end":{"line":92,"column":82}},"type":"cond-expr","locations":[{"start":{"line":92,"column":14},"end":{"line":92,"column":82}},{"start":{"line":93,"column":14},"end":{"line":93,"column":21}}]},"5":{"loc":{"start":{"line":92,"column":26},"end":{"line":92,"column":33}},"type":"cond-expr","locations":[{"start":{"line":92,"column":26},"end":{"line":92,"column":33}},{"start":{"line":92,"column":36},"end":{"line":92,"column":38}}]},"6":{"loc":{"start":{"line":100,"column":8},"end":{"line":100,"column":null}},"type":"if","locations":[{"start":{"line":100,"column":8},"end":{"line":100,"column":null}},{"start":{"line":100,"column":8},"end":{"line":100,"column":null}}]},"7":{"loc":{"start":{"line":107,"column":12},"end":{"line":107,"column":null}},"type":"if","locations":[{"start":{"line":107,"column":12},"end":{"line":107,"column":null}},{"start":{"line":107,"column":12},"end":{"line":107,"column":null}}]},"8":{"loc":{"start":{"line":134,"column":8},"end":{"line":134,"column":null}},"type":"if","locations":[{"start":{"line":134,"column":8},"end":{"line":134,"column":null}},{"start":{"line":134,"column":8},"end":{"line":134,"column":null}}]},"9":{"loc":{"start":{"line":136,"column":32},"end":{"line":136,"column":53}},"type":"binary-expr","locations":[{"start":{"line":136,"column":32},"end":{"line":136,"column":53}},{"start":{"line":136,"column":57},"end":{"line":136,"column":59}}]}},"s":{"0":4,"1":4,"2":469,"3":469,"4":469,"5":4,"6":14,"7":4,"8":37,"9":0,"10":37,"11":37,"12":37,"13":37,"14":3,"15":3,"16":3,"17":3,"18":37,"19":4,"20":44,"21":44,"22":11,"23":33,"24":33,"25":4,"26":29,"27":29,"28":4,"29":38,"30":1,"31":37,"32":37,"33":37,"34":76,"35":76,"36":6,"37":70,"38":31,"39":4,"40":67,"41":67,"42":67,"43":67,"44":5,"45":5,"46":5,"47":5,"48":67,"49":67,"50":67,"51":2,"52":2,"53":2,"54":2,"55":67,"56":4,"57":74,"58":74,"59":22,"60":74,"61":74,"62":74,"63":74,"64":53,"65":53,"66":53,"67":74,"68":4,"69":4},"f":{"0":4,"1":469,"2":14,"3":37,"4":44,"5":38,"6":67,"7":74},"b":{"0":[14,10,9],"1":[0,37],"2":[11,33],"3":[4,29],"4":[15,14],"5":[3,12],"6":[1,37],"7":[6,70],"8":[22,52],"9":[74,5]}}
,"/home/c/code/javascript/autosuggestion/src/suggestion.ts": {"path":"/home/c/code/javascript/autosuggestion/src/suggestion.ts","statementMap":{"0":{"start":{"line":2,"column":0},"end":{"line":2,"column":37}},"1":{"start":{"line":5,"column":0},"end":{"line":5,"column":13}},"2":{"start":{"line":9,"column":23},"end":{"line":9,"column":47}},"3":{"start":{"line":6,"column":11},"end":{"line":6,"column":null}},"4":{"start":{"line":7,"column":12},"end":{"line":7,"column":null}},"5":{"start":{"line":10,"column":8},"end":{"line":10,"column":null}},"6":{"start":{"line":13,"column":4},"end":{"line":15,"column":null}},"7":{"start":{"line":14,"column":8},"end":{"line":14,"column":null}},"8":{"start":{"line":17,"column":4},"end":{"line":19,"column":null}},"9":{"start":{"line":18,"column":8},"end":{"line":18,"column":null}},"10":{"start":{"line":21,"column":11},"end":{"line":26,"column":null}},"11":{"start":{"line":22,"column":8},"end":{"line":22,"column":null}},"12":{"start":{"line":23,"column":8},"end":{"line":23,"column":null}},"13":{"start":{"line":25,"column":8},"end":{"line":25,"column":null}},"14":{"start":{"line":28,"column":11},"end":{"line":34,"column":null}},"15":{"start":{"line":29,"column":8},"end":{"line":29,"column":null}},"16":{"start":{"line":29,"column":27},"end":{"line":29,"column":null}},"17":{"start":{"line":30,"column":8},"end":{"line":30,"column":null}},"18":{"start":{"line":31,"column":8},"end":{"line":31,"column":null}},"19":{"start":{"line":33,"column":8},"end":{"line":33,"column":null}},"20":{"start":{"line":44,"column":11},"end":{"line":81,"column":null}},"21":{"start":{"line":45,"column":23},"end":{"line":45,"column":42}},"22":{"start":{"line":47,"column":8},"end":{"line":47,"column":null}},"23":{"start":{"line":47,"column":21},"end":{"line":47,"column":null}},"24":{"start":{"line":49,"column":8},"end":{"line":49,"column":null}},"25":{"start":{"line":49,"column":41},"end":{"line":49,"column":null}},"26":{"start":{"line":53,"column":8},"end":{"line":53,"column":null}},"27":{"start":{"line":53,"column":66},"end":{"line":53,"column":null}},"28":{"start":{"line":56,"column":8},"end":{"line":56,"column":null}},"29":{"start":{"line":56,"column":41},"end":{"line":56,"column":null}},"30":{"start":{"line":60,"column":40},"end":{"line":60,"column":42}},"31":{"start":{"line":63,"column":8},"end":{"line":78,"column":null}},"32":{"start":{"line":63,"column":30},"end":{"line":63,"column":36}},"33":{"start":{"line":63,"column":30},"end":{"line":63,"column":67}},"34":{"start":{"line":63,"column":26},"end":{"line":63,"column":30}},"35":{"start":{"line":64,"column":12},"end":{"line":77,"column":null}},"36":{"start":{"line":64,"column":37},"end":{"line":64,"column":44}},"37":{"start":{"line":64,"column":37},"end":{"line":64,"column":64}},"38":{"start":{"line":64,"column":33},"end":{"line":64,"column":37}},"39":{"start":{"line":67,"column":16},"end":{"line":69,"column":null}},"40":{"start":{"line":72,"column":16},"end":{"line":76,"column":null}},"41":{"start":{"line":73,"column":20},"end":{"line":73,"column":null}},"42":{"start":{"line":75,"column":20},"end":{"line":75,"column":null}},"43":{"start":{"line":80,"column":8},"end":{"line":80,"column":null}},"44":{"start":{"line":83,"column":12},"end":{"line":89,"column":null}},"45":{"start":{"line":84,"column":8},"end":{"line":88,"column":null}},"46":{"start":{"line":85,"column":12},"end":{"line":87,"column":43}},"47":{"start":{"line":90,"column":0},"end":{"line":90,"column":null}},"48":{"start":{"line":5,"column":13},"end":{"line":5,"column":23}}},"fnMap":{"0":{"name":"(anonymous_1)","decl":{"start":{"line":5,"column":0},"end":{"line":5,"column":13}},"loc":{"start":{"line":5,"column":0},"end":{"line":90,"column":null}}},"1":{"name":"Suggestion","decl":{"start":{"line":9,"column":4},"end":{"line":9,"column":23}},"loc":{"start":{"line":9,"column":47},"end":{"line":11,"column":5}}},"2":{"name":"(anonymous_3)","decl":{"start":{"line":13,"column":4},"end":{"line":13,"column":8}},"loc":{"start":{"line":13,"column":4},"end":{"line":15,"column":5}}},"3":{"name":"(anonymous_4)","decl":{"start":{"line":17,"column":4},"end":{"line":17,"column":8}},"loc":{"start":{"line":17,"column":4},"end":{"line":19,"column":5}}},"4":{"name":"(anonymous_5)","decl":{"start":{"line":21,"column":4},"end":{"line":21,"column":11}},"loc":{"start":{"line":21,"column":40},"end":{"line":26,"column":5}}},"5":{"name":"(anonymous_6)","decl":{"start":{"line":28,"column":4},"end":{"line":28,"column":11}},"loc":{"start":{"line":28,"column":48},"end":{"line":34,"column":5}}},"6":{"name":"(anonymous_7)","decl":{"start":{"line":44,"column":4},"end":{"line":44,"column":11}},"loc":{"start":{"line":44,"column":57},"end":{"line":81,"column":5}}},"7":{"name":"(anonymous_8)","decl":{"start":{"line":83,"column":4},"end":{"line":83,"column":12}},"loc":{"start":{"line":83,"column":4},"end":{"line":89,"column":5}}},"8":{"name":"(anonymous_9)","decl":{"start":{"line":84,"column":43},"end":{"line":84,"column":44}},"loc":{"start":{"line":84,"column":44},"end":{"line":88,"column":9}}}},"branchMap":{"0":{"loc":{"start":{"line":29,"column":8},"end":{"line":29,"column":null}},"type":"if","locations":[{"start":{"line":29,"column":8},"end":{"line":29,"column":null}},{"start":{"line":29,"column":8},"end":{"line":29,"column":null}}]},"1":{"loc":{"start":{"line":47,"column":8},"end":{"line":47,"column":null}},"type":"if","locations":[{"start":{"line":47,"column":8},"end":{"line":47,"column":null}},{"start":{"line":47,"column":8},"end":{"line":47,"column":null}}]},"2":{"loc":{"start":{"line":49,"column":8},"end":{"line":49,"column":null}},"type":"if","locations":[{"start":{"line":49,"column":8},"end":{"line":49,"column":null}},{"start":{"line":49,"column":8},"end":{"line":49,"column":null}}]},"3":{"loc":{"start":{"line":53,"column":8},"end":{"line":53,"column":null}},"type":"if","locations":[{"start":{"line":53,"column":8},"end":{"line":53,"column":null}},{"start":{"line":53,"column":8},"end":{"line":53,"column":null}}]},"4":{"loc":{"start":{"line":56,"column":8},"end":{"line":56,"column":null}},"type":"if","locations":[{"start":{"line":56,"column":8},"end":{"line":56,"column":null}},{"start":{"line":56,"column":8},"end":{"line":56,"column":null}}]},"5":{"loc":{"start":{"line":72,"column":16},"end":{"line":76,"column":null}},"type":"if","locations":[{"start":{"line":72,"column":16},"end":{"line":76,"column":null}},{"start":{"line":72,"column":16},"end":{"line":76,"column":null}}]},"6":{"loc":{"start":{"line":86,"column":18},"end":{"line":86,"column":19}},"type":"cond-expr","locations":[{"start":{"line":86,"column":18},"end":{"line":86,"column":19}},{"start":{"line":87,"column":18},"end":{"line":87,"column":42}}]}},"s":{"0":4,"1":4,"2":43,"3":43,"4":43,"5":43,"6":4,"7":0,"8":4,"9":0,"10":4,"11":2,"12":2,"13":2,"14":4,"15":0,"16":0,"17":0,"18":0,"19":0,"20":4,"21":0,"22":0,"23":0,"24":0,"25":0,"26":0,"27":0,"28":0,"29":0,"30":0,"31":0,"32":0,"33":0,"34":0,"35":0,"36":0,"37":0,"38":0,"39":0,"40":0,"41":0,"42":0,"43":0,"44":4,"45":45,"46":53,"47":4,"48":4},"f":{"0":4,"1":43,"2":0,"3":0,"4":2,"5":0,"6":0,"7":45,"8":53},"b":{"0":[0,0],"1":[0,0],"2":[0,0],"3":[0,0],"4":[0,0],"5":[0,0],"6":[40,13]}}
,"/home/c/code/javascript/autosuggestion/src/test_util.ts": {"path":"/home/c/code/javascript/autosuggestion/src/test_util.ts","statementMap":{"0":{"start":{"line":9,"column":37},"end":{"line":9,"column":null}},"1":{"start":{"line":10,"column":32},"end":{"line":10,"column":34}},"2":{"start":{"line":12,"column":4},"end":{"line":14,"column":null}},"3":{"start":{"line":12,"column":20},"end":{"line":12,"column":26}},"4":{"start":{"line":12,"column":20},"end":{"line":12,"column":49}},"5":{"start":{"line":12,"column":16},"end":{"line":12,"column":20}},"6":{"start":{"line":13,"column":8},"end":{"line":13,"column":null}},"7":{"start":{"line":15,"column":4},"end":{"line":17,"column":null}},"8":{"start":{"line":15,"column":20},"end":{"line":15,"column":26}},"9":{"start":{"line":15,"column":20},"end":{"line":15,"column":49}},"10":{"start":{"line":15,"column":16},"end":{"line":15,"column":20}},"11":{"start":{"line":16,"column":8},"end":{"line":16,"column":null}},"12":{"start":{"line":18,"column":4},"end":{"line":20,"column":null}},"13":{"start":{"line":18,"column":20},"end":{"line":18,"column":26}},"14":{"start":{"line":18,"column":20},"end":{"line":18,"column":51}},"15":{"start":{"line":18,"column":16},"end":{"line":18,"column":20}},"16":{"start":{"line":19,"column":8},"end":{"line":19,"column":null}},"17":{"start":{"line":22,"column":4},"end":{"line":22,"column":null}},"18":{"start":{"line":22,"column":28},"end":{"line":22,"column":null}},"19":{"start":{"line":23,"column":4},"end":{"line":23,"column":null}},"20":{"start":{"line":23,"column":28},"end":{"line":23,"column":null}},"21":{"start":{"line":25,"column":4},"end":{"line":25,"column":33}},"22":{"start":{"line":9,"column":0},"end":{"line":9,"column":16}}},"fnMap":{"0":{"name":"simplify","decl":{"start":{"line":9,"column":16},"end":{"line":9,"column":24}},"loc":{"start":{"line":9,"column":68},"end":{"line":26,"column":1}}}},"branchMap":{"0":{"loc":{"start":{"line":9,"column":37},"end":{"line":9,"column":null}},"type":"if","locations":[{"start":{"line":9,"column":37},"end":{"line":9,"column":null}},{"start":{"line":9,"column":37},"end":{"line":9,"column":null}}]},"1":{"loc":{"start":{"line":22,"column":4},"end":{"line":22,"column":null}},"type":"if","locations":[{"start":{"line":22,"column":4},"end":{"line":22,"column":null}},{"start":{"line":22,"column":4},"end":{"line":22,"column":null}}]},"2":{"loc":{"start":{"line":23,"column":4},"end":{"line":23,"column":null}},"type":"if","locations":[{"start":{"line":23,"column":4},"end":{"line":23,"column":null}},{"start":{"line":23,"column":4},"end":{"line":23,"column":null}}]}},"s":{"0":104,"1":89,"2":89,"3":89,"4":89,"5":56,"6":56,"7":89,"8":89,"9":89,"10":9,"11":9,"12":89,"13":89,"14":89,"15":9,"16":9,"17":89,"18":21,"19":68,"20":62,"21":6,"22":1},"f":{"0":89},"b":{"0":[15,74],"1":[21,68],"2":[62,6]}}
,"/home/c/code/javascript/autosuggestion/src/trie.ts": {"path":"/home/c/code/javascript/autosuggestion/src/trie.ts","statementMap":{"0":{"start":{"line":8,"column":0},"end":{"line":8,"column":29}},"1":{"start":{"line":9,"column":0},"end":{"line":9,"column":37}},"2":{"start":{"line":11,"column":0},"end":{"line":11,"column":41}},"3":{"start":{"line":12,"column":0},"end":{"line":12,"column":47}},"4":{"start":{"line":15,"column":0},"end":{"line":15,"column":null}},"5":{"start":{"line":15,"column":26},"end":{"line":15,"column":30}},"6":{"start":{"line":17,"column":49},"end":{"line":17,"column":null}},"7":{"start":{"line":18,"column":8},"end":{"line":18,"column":null}},"8":{"start":{"line":17,"column":25},"end":{"line":17,"column":47}},"9":{"start":{"line":21,"column":8},"end":{"line":21,"column":null}},"10":{"start":{"line":21,"column":30},"end":{"line":21,"column":38}},"11":{"start":{"line":21,"column":26},"end":{"line":21,"column":30}},"12":{"start":{"line":21,"column":42},"end":{"line":21,"column":61}},"13":{"start":{"line":24,"column":11},"end":{"line":43,"column":null}},"14":{"start":{"line":25,"column":20},"end":{"line":25,"column":45}},"15":{"start":{"line":27,"column":8},"end":{"line":27,"column":38}},"16":{"start":{"line":27,"column":32},"end":{"line":27,"column":38}},"17":{"start":{"line":33,"column":25},"end":{"line":33,"column":29}},"18":{"start":{"line":38,"column":8},"end":{"line":40,"column":null}},"19":{"start":{"line":39,"column":12},"end":{"line":39,"column":null}},"20":{"start":{"line":42,"column":8},"end":{"line":42,"column":null}},"21":{"start":{"line":45,"column":12},"end":{"line":68,"column":null}},"22":{"start":{"line":45,"column":47},"end":{"line":45,"column":null}},"23":{"start":{"line":46,"column":8},"end":{"line":46,"column":40}},"24":{"start":{"line":46,"column":34},"end":{"line":46,"column":40}},"25":{"start":{"line":47,"column":8},"end":{"line":47,"column":null}},"26":{"start":{"line":47,"column":34},"end":{"line":47,"column":null}},"27":{"start":{"line":49,"column":32},"end":{"line":49,"column":34}},"28":{"start":{"line":50,"column":34},"end":{"line":50,"column":44}},"29":{"start":{"line":51,"column":8},"end":{"line":51,"column":null}},"30":{"start":{"line":51,"column":26},"end":{"line":51,"column":null}},"31":{"start":{"line":52,"column":8},"end":{"line":52,"column":null}},"32":{"start":{"line":52,"column":28},"end":{"line":52,"column":null}},"33":{"start":{"line":54,"column":8},"end":{"line":54,"column":30}},"34":{"start":{"line":54,"column":24},"end":{"line":54,"column":30}},"35":{"start":{"line":56,"column":8},"end":{"line":56,"column":null}},"36":{"start":{"line":57,"column":8},"end":{"line":57,"column":null}},"37":{"start":{"line":58,"column":8},"end":{"line":67,"column":null}},"38":{"start":{"line":58,"column":29},"end":{"line":58,"column":38}},"39":{"start":{"line":58,"column":25},"end":{"line":58,"column":29}},"40":{"start":{"line":59,"column":30},"end":{"line":59,"column":37}},"41":{"start":{"line":60,"column":12},"end":{"line":64,"column":null}},"42":{"start":{"line":61,"column":31},"end":{"line":61,"column":78}},"43":{"start":{"line":62,"column":16},"end":{"line":62,"column":null}},"44":{"start":{"line":63,"column":16},"end":{"line":63,"column":null}},"45":{"start":{"line":66,"column":12},"end":{"line":66,"column":null}},"46":{"start":{"line":70,"column":12},"end":{"line":86,"column":null}},"47":{"start":{"line":71,"column":21},"end":{"line":71,"column":39}},"48":{"start":{"line":72,"column":18},"end":{"line":72,"column":25}},"49":{"start":{"line":75,"column":8},"end":{"line":75,"column":null}},"50":{"start":{"line":75,"column":36},"end":{"line":75,"column":null}},"51":{"start":{"line":76,"column":8},"end":{"line":76,"column":null}},"52":{"start":{"line":78,"column":8},"end":{"line":81,"column":null}},"53":{"start":{"line":79,"column":12},"end":{"line":79,"column":null}},"54":{"start":{"line":80,"column":12},"end":{"line":80,"column":null}},"55":{"start":{"line":83,"column":8},"end":{"line":83,"column":null}},"56":{"start":{"line":85,"column":8},"end":{"line":85,"column":null}},"57":{"start":{"line":88,"column":12},"end":{"line":98,"column":null}},"58":{"start":{"line":88,"column":46},"end":{"line":88,"column":null}},"59":{"start":{"line":89,"column":8},"end":{"line":89,"column":null}},"60":{"start":{"line":89,"column":31},"end":{"line":89,"column":null}},"61":{"start":{"line":90,"column":26},"end":{"line":90,"column":33}},"62":{"start":{"line":91,"column":8},"end":{"line":91,"column":null}},"63":{"start":{"line":91,"column":32},"end":{"line":91,"column":null}},"64":{"start":{"line":92,"column":8},"end":{"line":92,"column":null}},"65":{"start":{"line":92,"column":45},"end":{"line":92,"column":null}},"66":{"start":{"line":95,"column":8},"end":{"line":95,"column":null}},"67":{"start":{"line":95,"column":29},"end":{"line":95,"column":null}},"68":{"start":{"line":97,"column":8},"end":{"line":97,"column":null}},"69":{"start":{"line":100,"column":12},"end":{"line":120,"column":null}},"70":{"start":{"line":100,"column":51},"end":{"line":100,"column":null}},"71":{"start":{"line":101,"column":28},"end":{"line":101,"column":30}},"72":{"start":{"line":102,"column":8},"end":{"line":117,"column":null}},"73":{"start":{"line":102,"column":38},"end":{"line":102,"column":44}},"74":{"start":{"line":102,"column":38},"end":{"line":102,"column":60}},"75":{"start":{"line":102,"column":17},"end":{"line":102,"column":18}},"76":{"start":{"line":102,"column":23},"end":{"line":102,"column":25}},"77":{"start":{"line":102,"column":33},"end":{"line":102,"column":34}},"78":{"start":{"line":104,"column":12},"end":{"line":104,"column":null}},"79":{"start":{"line":104,"column":42},"end":{"line":104,"column":null}},"80":{"start":{"line":106,"column":32},"end":{"line":106,"column":34}},"81":{"start":{"line":107,"column":12},"end":{"line":111,"column":null}},"82":{"start":{"line":107,"column":34},"end":{"line":107,"column":42}},"83":{"start":{"line":107,"column":30},"end":{"line":107,"column":34}},"84":{"start":{"line":108,"column":29},"end":{"line":108,"column":66}},"85":{"start":{"line":109,"column":16},"end":{"line":109,"column":75}},"86":{"start":{"line":109,"column":27},"end":{"line":109,"column":75}},"87":{"start":{"line":110,"column":16},"end":{"line":110,"column":null}},"88":{"start":{"line":113,"column":31},"end":{"line":113,"column":59}},"89":{"start":{"line":114,"column":12},"end":{"line":114,"column":null}},"90":{"start":{"line":114,"column":28},"end":{"line":114,"column":null}},"91":{"start":{"line":115,"column":12},"end":{"line":115,"column":null}},"92":{"start":{"line":116,"column":12},"end":{"line":116,"column":null}},"93":{"start":{"line":119,"column":8},"end":{"line":119,"column":null}},"94":{"start":{"line":122,"column":11},"end":{"line":122,"column":null}},"95":{"start":{"line":130,"column":11},"end":{"line":144,"column":null}},"96":{"start":{"line":130,"column":41},"end":{"line":130,"column":null}},"97":{"start":{"line":131,"column":40},"end":{"line":131,"column":42}},"98":{"start":{"line":134,"column":8},"end":{"line":134,"column":null}},"99":{"start":{"line":134,"column":35},"end":{"line":134,"column":null}},"100":{"start":{"line":137,"column":23},"end":{"line":137,"column":103}},"101":{"start":{"line":137,"column":60},"end":{"line":137,"column":85}},"102":{"start":{"line":137,"column":95},"end":{"line":137,"column":103}},"103":{"start":{"line":139,"column":8},"end":{"line":141,"column":null}},"104":{"start":{"line":139,"column":28},"end":{"line":139,"column":34}},"105":{"start":{"line":139,"column":24},"end":{"line":139,"column":28}},"106":{"start":{"line":140,"column":12},"end":{"line":140,"column":null}},"107":{"start":{"line":143,"column":8},"end":{"line":143,"column":null}},"108":{"start":{"line":146,"column":12},"end":{"line":172,"column":null}},"109":{"start":{"line":146,"column":50},"end":{"line":146,"column":null}},"110":{"start":{"line":147,"column":40},"end":{"line":147,"column":76}},"111":{"start":{"line":151,"column":8},"end":{"line":159,"column":null}},"112":{"start":{"line":151,"column":27},"end":{"line":151,"column":32}},"113":{"start":{"line":151,"column":27},"end":{"line":151,"column":41}},"114":{"start":{"line":151,"column":23},"end":{"line":151,"column":27}},"115":{"start":{"line":152,"column":12},"end":{"line":158,"column":null}},"116":{"start":{"line":152,"column":37},"end":{"line":152,"column":41}},"117":{"start":{"line":152,"column":37},"end":{"line":152,"column":61}},"118":{"start":{"line":152,"column":33},"end":{"line":152,"column":37}},"119":{"start":{"line":153,"column":40},"end":{"line":153,"column":42}},"120":{"start":{"line":154,"column":16},"end":{"line":156,"column":null}},"121":{"start":{"line":154,"column":43},"end":{"line":154,"column":54}},"122":{"start":{"line":154,"column":39},"end":{"line":154,"column":43}},"123":{"start":{"line":155,"column":20},"end":{"line":155,"column":null}},"124":{"start":{"line":157,"column":16},"end":{"line":157,"column":null}},"125":{"start":{"line":162,"column":8},"end":{"line":162,"column":null}},"126":{"start":{"line":162,"column":29},"end":{"line":162,"column":null}},"127":{"start":{"line":165,"column":48},"end":{"line":165,"column":50}},"128":{"start":{"line":166,"column":8},"end":{"line":169,"column":null}},"129":{"start":{"line":166,"column":33},"end":{"line":166,"column":44}},"130":{"start":{"line":166,"column":29},"end":{"line":166,"column":33}},"131":{"start":{"line":167,"column":12},"end":{"line":168,"column":null}},"132":{"start":{"line":171,"column":8},"end":{"line":171,"column":null}},"133":{"start":{"line":173,"column":0},"end":{"line":173,"column":null}},"134":{"start":{"line":15,"column":13},"end":{"line":15,"column":17}}},"fnMap":{"0":{"name":"(anonymous_7)","decl":{"start":{"line":15,"column":0},"end":{"line":15,"column":13}},"loc":{"start":{"line":15,"column":0},"end":{"line":173,"column":null}}},"1":{"name":"Trie","decl":{"start":{"line":17,"column":4},"end":{"line":17,"column":25}},"loc":{"start":{"line":17,"column":73},"end":{"line":22,"column":5}}},"2":{"name":"(anonymous_9)","decl":{"start":{"line":24,"column":4},"end":{"line":24,"column":11}},"loc":{"start":{"line":24,"column":47},"end":{"line":43,"column":5}}},"3":{"name":"(anonymous_10)","decl":{"start":{"line":45,"column":4},"end":{"line":45,"column":12}},"loc":{"start":{"line":45,"column":74},"end":{"line":68,"column":5}}},"4":{"name":"(anonymous_11)","decl":{"start":{"line":70,"column":4},"end":{"line":70,"column":12}},"loc":{"start":{"line":70,"column":64},"end":{"line":86,"column":5}}},"5":{"name":"(anonymous_12)","decl":{"start":{"line":88,"column":4},"end":{"line":88,"column":12}},"loc":{"start":{"line":88,"column":72},"end":{"line":98,"column":5}}},"6":{"name":"(anonymous_13)","decl":{"start":{"line":100,"column":4},"end":{"line":100,"column":12}},"loc":{"start":{"line":100,"column":77},"end":{"line":120,"column":5}}},"7":{"name":"(anonymous_14)","decl":{"start":{"line":122,"column":4},"end":{"line":122,"column":11}},"loc":{"start":{"line":122,"column":34},"end":{"line":122,"column":39}}},"8":{"name":"(anonymous_15)","decl":{"start":{"line":130,"column":4},"end":{"line":130,"column":11}},"loc":{"start":{"line":130,"column":62},"end":{"line":144,"column":5}}},"9":{"name":"(anonymous_16)","decl":{"start":{"line":137,"column":55},"end":{"line":137,"column":56}},"loc":{"start":{"line":137,"column":56},"end":{"line":137,"column":61}}},"10":{"name":"(anonymous_17)","decl":{"start":{"line":137,"column":90},"end":{"line":137,"column":91}},"loc":{"start":{"line":137,"column":91},"end":{"line":137,"column":96}}},"11":{"name":"(anonymous_18)","decl":{"start":{"line":146,"column":4},"end":{"line":146,"column":12}},"loc":{"start":{"line":146,"column":71},"end":{"line":172,"column":5}}}},"branchMap":{"0":{"loc":{"start":{"line":17,"column":49},"end":{"line":17,"column":null}},"type":"if","locations":[{"start":{"line":17,"column":49},"end":{"line":17,"column":null}},{"start":{"line":17,"column":49},"end":{"line":17,"column":null}}]},"1":{"loc":{"start":{"line":18,"column":8},"end":{"line":18,"column":19}},"type":"binary-expr","locations":[{"start":{"line":18,"column":8},"end":{"line":18,"column":19}},{"start":{"line":18,"column":19},"end":{"line":18,"column":null}}]},"2":{"loc":{"start":{"line":27,"column":8},"end":{"line":27,"column":38}},"type":"if","locations":[{"start":{"line":27,"column":8},"end":{"line":27,"column":38}},{"start":{"line":27,"column":8},"end":{"line":27,"column":38}}]},"3":{"loc":{"start":{"line":38,"column":8},"end":{"line":40,"column":null}},"type":"if","locations":[{"start":{"line":38,"column":8},"end":{"line":40,"column":null}},{"start":{"line":38,"column":8},"end":{"line":40,"column":null}}]},"4":{"loc":{"start":{"line":45,"column":47},"end":{"line":45,"column":null}},"type":"if","locations":[{"start":{"line":45,"column":47},"end":{"line":45,"column":null}},{"start":{"line":45,"column":47},"end":{"line":45,"column":null}}]},"5":{"loc":{"start":{"line":46,"column":8},"end":{"line":46,"column":40}},"type":"if","locations":[{"start":{"line":46,"column":8},"end":{"line":46,"column":40}},{"start":{"line":46,"column":8},"end":{"line":46,"column":40}}]},"6":{"loc":{"start":{"line":47,"column":8},"end":{"line":47,"column":null}},"type":"if","locations":[{"start":{"line":47,"column":8},"end":{"line":47,"column":null}},{"start":{"line":47,"column":8},"end":{"line":47,"column":null}}]},"7":{"loc":{"start":{"line":51,"column":8},"end":{"line":51,"column":null}},"type":"if","locations":[{"start":{"line":51,"column":8},"end":{"line":51,"column":null}},{"start":{"line":51,"column":8},"end":{"line":51,"column":null}}]},"8":{"loc":{"start":{"line":52,"column":8},"end":{"line":52,"column":null}},"type":"if","locations":[{"start":{"line":52,"column":8},"end":{"line":52,"column":null}},{"start":{"line":52,"column":8},"end":{"line":52,"column":null}}]},"9":{"loc":{"start":{"line":54,"column":8},"end":{"line":54,"column":30}},"type":"if","locations":[{"start":{"line":54,"column":8},"end":{"line":54,"column":30}},{"start":{"line":54,"column":8},"end":{"line":54,"column":30}}]},"10":{"loc":{"start":{"line":60,"column":12},"end":{"line":64,"column":null}},"type":"if","locations":[{"start":{"line":60,"column":12},"end":{"line":64,"column":null}},{"start":{"line":60,"column":12},"end":{"line":64,"column":null}}]},"11":{"loc":{"start":{"line":75,"column":8},"end":{"line":75,"column":null}},"type":"if","locations":[{"start":{"line":75,"column":8},"end":{"line":75,"column":null}},{"start":{"line":75,"column":8},"end":{"line":75,"column":null}}]},"12":{"loc":{"start":{"line":78,"column":8},"end":{"line":81,"column":null}},"type":"if","locations":[{"start":{"line":78,"column":8},"end":{"line":81,"column":null}},{"start":{"line":78,"column":8},"end":{"line":81,"column":null}}]},"13":{"loc":{"start":{"line":78,"column":12},"end":{"line":78,"column":29}},"type":"binary-expr","locations":[{"start":{"line":78,"column":12},"end":{"line":78,"column":29}},{"start":{"line":78,"column":33},"end":{"line":78,"column":53}}]},"14":{"loc":{"start":{"line":88,"column":46},"end":{"line":88,"column":null}},"type":"if","locations":[{"start":{"line":88,"column":46},"end":{"line":88,"column":null}},{"start":{"line":88,"column":46},"end":{"line":88,"column":null}}]},"15":{"loc":{"start":{"line":89,"column":8},"end":{"line":89,"column":null}},"type":"if","locations":[{"start":{"line":89,"column":8},"end":{"line":89,"column":null}},{"start":{"line":89,"column":8},"end":{"line":89,"column":null}}]},"16":{"loc":{"start":{"line":91,"column":8},"end":{"line":91,"column":null}},"type":"if","locations":[{"start":{"line":91,"column":8},"end":{"line":91,"column":null}},{"start":{"line":91,"column":8},"end":{"line":91,"column":null}}]},"17":{"loc":{"start":{"line":92,"column":8},"end":{"line":92,"column":null}},"type":"if","locations":[{"start":{"line":92,"column":8},"end":{"line":92,"column":null}},{"start":{"line":92,"column":8},"end":{"line":92,"column":null}}]},"18":{"loc":{"start":{"line":92,"column":12},"end":{"line":92,"column":29}},"type":"binary-expr","locations":[{"start":{"line":92,"column":12},"end":{"line":92,"column":29}},{"start":{"line":92,"column":33},"end":{"line":92,"column":43}}]},"19":{"loc":{"start":{"line":95,"column":8},"end":{"line":95,"column":null}},"type":"if","locations":[{"start":{"line":95,"column":8},"end":{"line":95,"column":null}},{"start":{"line":95,"column":8},"end":{"line":95,"column":null}}]},"20":{"loc":{"start":{"line":100,"column":51},"end":{"line":100,"column":null}},"type":"if","locations":[{"start":{"line":100,"column":51},"end":{"line":100,"column":null}},{"start":{"line":100,"column":51},"end":{"line":100,"column":null}}]},"21":{"loc":{"start":{"line":104,"column":12},"end":{"line":104,"column":null}},"type":"if","locations":[{"start":{"line":104,"column":12},"end":{"line":104,"column":null}},{"start":{"line":104,"column":12},"end":{"line":104,"column":null}}]},"22":{"loc":{"start":{"line":109,"column":16},"end":{"line":109,"column":75}},"type":"if","locations":[{"start":{"line":109,"column":16},"end":{"line":109,"column":75}},{"start":{"line":109,"column":16},"end":{"line":109,"column":75}}]},"23":{"loc":{"start":{"line":114,"column":12},"end":{"line":114,"column":null}},"type":"if","locations":[{"start":{"line":114,"column":12},"end":{"line":114,"column":null}},{"start":{"line":114,"column":12},"end":{"line":114,"column":null}}]},"24":{"loc":{"start":{"line":130,"column":41},"end":{"line":130,"column":null}},"type":"if","locations":[{"start":{"line":130,"column":41},"end":{"line":130,"column":null}},{"start":{"line":130,"column":41},"end":{"line":130,"column":null}}]},"25":{"loc":{"start":{"line":134,"column":8},"end":{"line":134,"column":null}},"type":"if","locations":[{"start":{"line":134,"column":8},"end":{"line":134,"column":null}},{"start":{"line":134,"column":8},"end":{"line":134,"column":null}}]},"26":{"loc":{"start":{"line":146,"column":50},"end":{"line":146,"column":null}},"type":"if","locations":[{"start":{"line":146,"column":50},"end":{"line":146,"column":null}},{"start":{"line":146,"column":50},"end":{"line":146,"column":null}}]},"27":{"loc":{"start":{"line":162,"column":8},"end":{"line":162,"column":null}},"type":"if","locations":[{"start":{"line":162,"column":8},"end":{"line":162,"column":null}},{"start":{"line":162,"column":8},"end":{"line":162,"column":null}}]}},"s":{"0":4,"1":4,"2":4,"3":4,"4":4,"5":4,"6":95,"7":95,"8":95,"9":95,"10":190,"11":38,"12":38,"13":4,"14":85,"15":85,"16":0,"17":85,"18":85,"19":67,"20":85,"21":4,"22":270,"23":135,"24":10,"25":125,"26":87,"27":125,"28":125,"29":125,"30":90,"31":125,"32":35,"33":125,"34":87,"35":38,"36":38,"37":38,"38":76,"39":38,"40":38,"41":38,"42":27,"43":27,"44":27,"45":38,"46":4,"47":98,"48":98,"49":98,"50":77,"51":98,"52":98,"53":11,"54":11,"55":87,"56":87,"57":4,"58":294,"59":288,"60":2,"61":286,"62":286,"63":254,"64":286,"65":68,"66":286,"67":192,"68":94,"69":4,"70":39,"71":37,"72":37,"73":37,"74":37,"75":37,"76":37,"77":37,"78":37,"79":27,"80":37,"81":37,"82":74,"83":41,"84":41,"85":41,"86":0,"87":41,"88":37,"89":37,"90":27,"91":37,"92":37,"93":37,"94":4,"95":4,"96":5,"97":3,"98":3,"99":3,"100":3,"101":3,"102":3,"103":3,"104":6,"105":3,"106":3,"107":3,"108":4,"109":3,"110":3,"111":3,"112":3,"113":3,"114":1,"115":1,"116":1,"117":1,"118":1,"119":1,"120":1,"121":2,"122":2,"123":2,"124":1,"125":3,"126":3,"127":0,"128":0,"129":0,"130":0,"131":0,"132":0,"133":4,"134":4},"f":{"0":4,"1":95,"2":85,"3":135,"4":98,"5":288,"6":37,"7":0,"8":3,"9":3,"10":3,"11":3},"b":{"0":[0,95],"1":[95,95],"2":[0,85],"3":[67,18],"4":[135,0],"5":[10,125],"6":[87,38],"7":[90,35],"8":[35,90],"9":[87,38],"10":[27,11],"11":[77,21],"12":[11,87],"13":[98,13],"14":[6,282],"15":[2,286],"16":[254,32],"17":[68,218],"18":[286,94],"19":[192,94],"20":[2,35],"21":[27,10],"22":[0,41],"23":[27,10],"24":[2,1],"25":[3,0],"26":[0,3],"27":[3,0]}}
,"/home/c/code/javascript/autosuggestion/src/typegaurds.ts": {"path":"/home/c/code/javascript/autosuggestion/src/typegaurds.ts","statementMap":{"0":{"start":{"line":5,"column":4},"end":{"line":5,"column":null}},"1":{"start":{"line":4,"column":0},"end":{"line":4,"column":16}},"2":{"start":{"line":9,"column":4},"end":{"line":9,"column":null}},"3":{"start":{"line":8,"column":0},"end":{"line":8,"column":16}}},"fnMap":{"0":{"name":"isWord","decl":{"start":{"line":4,"column":16},"end":{"line":4,"column":22}},"loc":{"start":{"line":4,"column":29},"end":{"line":6,"column":1}}},"1":{"name":"isLookup","decl":{"start":{"line":8,"column":16},"end":{"line":8,"column":24}},"loc":{"start":{"line":8,"column":31},"end":{"line":10,"column":1}}}},"branchMap":{"0":{"loc":{"start":{"line":9,"column":12},"end":{"line":9,"column":15}},"type":"binary-expr","locations":[{"start":{"line":9,"column":12},"end":{"line":9,"column":15}},{"start":{"line":9,"column":21},"end":{"line":9,"column":45}}]}},"s":{"0":394,"1":6,"2":207,"3":6},"f":{"0":394,"1":207},"b":{"0":[207,205]}}
,"/home/c/code/javascript/autosuggestion/src/util.ts": {"path":"/home/c/code/javascript/autosuggestion/src/util.ts","statementMap":{"0":{"start":{"line":3,"column":0},"end":{"line":3,"column":null}},"1":{"start":{"line":10,"column":4},"end":{"line":10,"column":null}},"2":{"start":{"line":10,"column":23},"end":{"line":10,"column":null}},"3":{"start":{"line":11,"column":4},"end":{"line":11,"column":null}},"4":{"start":{"line":11,"column":25},"end":{"line":11,"column":null}},"5":{"start":{"line":12,"column":4},"end":{"line":12,"column":null}},"6":{"start":{"line":9,"column":0},"end":{"line":9,"column":16}}},"fnMap":{"0":{"name":"NormalizePattern","decl":{"start":{"line":9,"column":16},"end":{"line":9,"column":32}},"loc":{"start":{"line":9,"column":63},"end":{"line":13,"column":1}}}},"branchMap":{"0":{"loc":{"start":{"line":10,"column":4},"end":{"line":10,"column":null}},"type":"if","locations":[{"start":{"line":10,"column":4},"end":{"line":10,"column":null}},{"start":{"line":10,"column":4},"end":{"line":10,"column":null}}]},"1":{"loc":{"start":{"line":11,"column":4},"end":{"line":11,"column":null}},"type":"if","locations":[{"start":{"line":11,"column":4},"end":{"line":11,"column":null}},{"start":{"line":11,"column":4},"end":{"line":11,"column":null}}]}},"s":{"0":5,"1":88,"2":11,"3":77,"4":9,"5":68,"6":5},"f":{"0":88},"b":{"0":[11,77],"1":[9,68]}}
}
