TN:
SF:src/dictionary.ts
FN:7,(anonymous_0)
FN:10,Dictionary
FN:12,(anonymous_2)
FN:18,(anonymous_3)
FN:27,(anonymous_4)
FN:36,(anonymous_5)
FNF:6
FNH:4
FNDA:4,(anonymous_0)
FNDA:58,Dictionary
FNDA:95,(anonymous_2)
FNDA:0,(anonymous_3)
FNDA:0,(anonymous_4)
FNDA:1,(anonymous_5)
DA:3,4
DA:7,4
DA:8,58
DA:10,116
DA:12,163
DA:13,95
DA:14,95
DA:15,95
DA:18,4
DA:20,0
DA:21,0
DA:22,0
DA:23,0
DA:27,4
DA:29,0
DA:30,0
DA:31,0
DA:32,0
DA:36,4
DA:37,1
DA:38,1
DA:40,2
DA:41,1
DA:42,1
DA:43,1
DA:46,1
DA:48,4
LF:27
LH:19
BRDA:10,0,0,58
BRDA:10,0,1,0
BRDA:12,1,0,68
BRDA:12,1,1,27
BRDA:21,2,0,0
BRDA:21,2,1,0
BRDA:30,3,0,0
BRDA:30,3,1,0
BRDA:36,4,0,1
BRDA:36,4,1,0
BRDA:38,5,0,1
BRDA:38,5,1,0
BRDA:42,6,0,0
BRDA:42,6,1,1
BRF:14
BRH:6
end_of_record
TN:
SF:src/lookup.ts
FN:6,(anonymous_6)
FN:7,LookupNode
FN:22,(anonymous_8)
FNF:3
FNH:3
FNDA:4,(anonymous_6)
FNDA:39,LookupNode
FNDA:16,(anonymous_8)
DA:2,4
DA:6,4
DA:7,39
DA:8,39
DA:22,4
DA:23,16
DA:25,16
DA:26,16
DA:29,12
DA:32,12
DA:36,12
DA:39,12
DA:42,12
DA:44,9
DA:45,9
DA:51,3
DA:55,3
DA:60,3
DA:64,16
DA:66,4
LF:20
LH:20
BRDA:8,0,0,39
BRDA:8,0,1,39
BRDA:36,1,0,7
BRDA:36,1,1,5
BRDA:36,2,0,12
BRDA:36,2,1,10
BRDA:42,3,0,9
BRDA:42,3,1,3
BRDA:51,4,0,0
BRDA:51,4,1,3
BRDA:55,5,0,1
BRDA:55,5,1,2
BRF:12
BRH:11
end_of_record
TN:
SF:src/node.ts
FN:16,(anonymous_1)
FN:20,Node
FN:25,(anonymous_3)
FN:67,(anonymous_4)
FN:80,(anonymous_5)
FN:99,(anonymous_6)
FN:114,(anonymous_7)
FN:130,(anonymous_8)
FNF:8
FNH:8
FNDA:4,(anonymous_1)
FNDA:469,Node
FNDA:14,(anonymous_3)
FNDA:37,(anonymous_4)
FNDA:44,(anonymous_5)
FNDA:38,(anonymous_6)
FNDA:67,(anonymous_7)
FNDA:74,(anonymous_8)
DA:2,4
DA:16,4
DA:20,469
DA:21,469
DA:22,469
DA:25,4
DA:26,14
DA:67,4
DA:68,37
DA:70,37
DA:73,37
DA:74,3
DA:77,37
DA:80,4
DA:81,44
DA:82,44
DA:84,33
DA:85,33
DA:87,29
DA:91,29
DA:99,4
DA:100,38
DA:102,37
DA:103,37
DA:105,37
DA:106,76
DA:107,76
DA:108,70
DA:111,31
DA:114,4
DA:115,67
DA:118,67
DA:119,5
DA:123,67
DA:124,2
DA:127,67
DA:130,4
DA:131,74
DA:134,74
DA:136,74
DA:139,74
DA:140,53
DA:142,53
DA:145,74
DA:147,4
LF:45
LH:45
BRDA:26,0,0,14
BRDA:26,0,1,10
BRDA:26,0,2,9
BRDA:68,1,0,0
BRDA:68,1,1,37
BRDA:82,2,0,11
BRDA:82,2,1,33
BRDA:85,3,0,4
BRDA:85,3,1,29
BRDA:92,4,0,15
BRDA:92,4,1,14
BRDA:92,5,0,3
BRDA:92,5,1,12
BRDA:100,6,0,1
BRDA:100,6,1,37
BRDA:107,7,0,6
BRDA:107,7,1,70
BRDA:134,8,0,22
BRDA:134,8,1,52
BRDA:136,9,0,74
BRDA:136,9,1,5
BRF:21
BRH:20
end_of_record
TN:
SF:src/suggestion.ts
FN:5,(anonymous_1)
FN:9,Suggestion
FN:13,(anonymous_3)
FN:17,(anonymous_4)
FN:21,(anonymous_5)
FN:28,(anonymous_6)
FN:44,(anonymous_7)
FN:83,(anonymous_8)
FN:84,(anonymous_9)
FNF:9
FNH:5
FNDA:4,(anonymous_1)
FNDA:43,Suggestion
FNDA:0,(anonymous_3)
FNDA:0,(anonymous_4)
FNDA:2,(anonymous_5)
FNDA:0,(anonymous_6)
FNDA:0,(anonymous_7)
FNDA:45,(anonymous_8)
FNDA:53,(anonymous_9)
DA:2,4
DA:5,4
DA:6,43
DA:7,43
DA:9,43
DA:10,43
DA:13,4
DA:14,0
DA:17,4
DA:18,0
DA:21,4
DA:22,2
DA:23,2
DA:25,2
DA:28,4
DA:29,0
DA:30,0
DA:31,0
DA:33,0
DA:44,4
DA:45,0
DA:47,0
DA:49,0
DA:53,0
DA:56,0
DA:60,0
DA:63,0
DA:64,0
DA:67,0
DA:72,0
DA:73,0
DA:75,0
DA:80,0
DA:83,4
DA:84,45
DA:85,53
DA:90,4
LF:37
LH:18
BRDA:29,0,0,0
BRDA:29,0,1,0
BRDA:47,1,0,0
BRDA:47,1,1,0
BRDA:49,2,0,0
BRDA:49,2,1,0
BRDA:53,3,0,0
BRDA:53,3,1,0
BRDA:56,4,0,0
BRDA:56,4,1,0
BRDA:72,5,0,0
BRDA:72,5,1,0
BRDA:86,6,0,40
BRDA:86,6,1,13
BRF:14
BRH:2
end_of_record
TN:
SF:src/test_util.ts
FN:9,simplify
FNF:1
FNH:1
FNDA:89,simplify
DA:9,104
DA:10,89
DA:12,89
DA:13,56
DA:15,89
DA:16,9
DA:18,89
DA:19,9
DA:22,89
DA:23,68
DA:25,6
LF:11
LH:11
BRDA:9,0,0,15
BRDA:9,0,1,74
BRDA:22,1,0,21
BRDA:22,1,1,68
BRDA:23,2,0,62
BRDA:23,2,1,6
BRF:6
BRH:6
end_of_record
TN:
SF:src/trie.ts
FN:15,(anonymous_7)
FN:17,Trie
FN:24,(anonymous_9)
FN:45,(anonymous_10)
FN:70,(anonymous_11)
FN:88,(anonymous_12)
FN:100,(anonymous_13)
FN:122,(anonymous_14)
FN:130,(anonymous_15)
FN:137,(anonymous_16)
FN:137,(anonymous_17)
FN:146,(anonymous_18)
FNF:12
FNH:11
FNDA:4,(anonymous_7)
FNDA:95,Trie
FNDA:85,(anonymous_9)
FNDA:135,(anonymous_10)
FNDA:98,(anonymous_11)
FNDA:288,(anonymous_12)
FNDA:37,(anonymous_13)
FNDA:0,(anonymous_14)
FNDA:3,(anonymous_15)
FNDA:3,(anonymous_16)
FNDA:3,(anonymous_17)
FNDA:3,(anonymous_18)
DA:8,4
DA:9,4
DA:11,4
DA:12,4
DA:15,4
DA:17,95
DA:18,95
DA:21,190
DA:24,4
DA:25,85
DA:27,85
DA:33,85
DA:38,85
DA:39,67
DA:42,85
DA:45,270
DA:46,135
DA:47,125
DA:49,125
DA:50,125
DA:51,125
DA:52,125
DA:54,125
DA:56,38
DA:57,38
DA:58,76
DA:59,38
DA:60,38
DA:61,27
DA:62,27
DA:63,27
DA:66,38
DA:70,4
DA:71,98
DA:72,98
DA:75,98
DA:76,98
DA:78,98
DA:79,11
DA:80,11
DA:83,87
DA:85,87
DA:88,294
DA:89,288
DA:90,286
DA:91,286
DA:92,286
DA:95,286
DA:97,94
DA:100,39
DA:101,37
DA:102,37
DA:104,37
DA:106,37
DA:107,74
DA:108,41
DA:109,41
DA:110,41
DA:113,37
DA:114,37
DA:115,37
DA:116,37
DA:119,37
DA:122,4
DA:130,5
DA:131,3
DA:134,3
DA:137,3
DA:139,6
DA:140,3
DA:143,3
DA:146,4
DA:147,3
DA:151,3
DA:152,1
DA:153,1
DA:154,2
DA:155,2
DA:157,1
DA:162,3
DA:165,0
DA:166,0
DA:167,0
DA:171,0
DA:173,4
LF:85
LH:81
BRDA:17,0,0,0
BRDA:17,0,1,95
BRDA:18,1,0,95
BRDA:18,1,1,95
BRDA:27,2,0,0
BRDA:27,2,1,85
BRDA:38,3,0,67
BRDA:38,3,1,18
BRDA:45,4,0,135
BRDA:45,4,1,0
BRDA:46,5,0,10
BRDA:46,5,1,125
BRDA:47,6,0,87
BRDA:47,6,1,38
BRDA:51,7,0,90
BRDA:51,7,1,35
BRDA:52,8,0,35
BRDA:52,8,1,90
BRDA:54,9,0,87
BRDA:54,9,1,38
BRDA:60,10,0,27
BRDA:60,10,1,11
BRDA:75,11,0,77
BRDA:75,11,1,21
BRDA:78,12,0,11
BRDA:78,12,1,87
BRDA:78,13,0,98
BRDA:78,13,1,13
BRDA:88,14,0,6
BRDA:88,14,1,282
BRDA:89,15,0,2
BRDA:89,15,1,286
BRDA:91,16,0,254
BRDA:91,16,1,32
BRDA:92,17,0,68
BRDA:92,17,1,218
BRDA:92,18,0,286
BRDA:92,18,1,94
BRDA:95,19,0,192
BRDA:95,19,1,94
BRDA:100,20,0,2
BRDA:100,20,1,35
BRDA:104,21,0,27
BRDA:104,21,1,10
BRDA:109,22,0,0
BRDA:109,22,1,41
BRDA:114,23,0,27
BRDA:114,23,1,10
BRDA:130,24,0,2
BRDA:130,24,1,1
BRDA:134,25,0,3
BRDA:134,25,1,0
BRDA:146,26,0,0
BRDA:146,26,1,3
BRDA:162,27,0,3
BRDA:162,27,1,0
BRF:56
BRH:49
end_of_record
TN:
SF:src/typegaurds.ts
FN:4,isWord
FN:8,isLookup
FNF:2
FNH:2
FNDA:394,isWord
FNDA:207,isLookup
DA:4,6
DA:5,394
DA:8,6
DA:9,207
LF:4
LH:4
BRDA:9,0,0,207
BRDA:9,0,1,205
BRF:2
BRH:2
end_of_record
TN:
SF:src/util.ts
FN:9,NormalizePattern
FNF:1
FNH:1
FNDA:88,NormalizePattern
DA:3,5
DA:9,5
DA:10,88
DA:11,77
DA:12,68
LF:5
LH:5
BRDA:10,0,0,11
BRDA:10,0,1,77
BRDA:11,1,0,9
BRDA:11,1,1,68
BRF:4
BRH:4
end_of_record
